<?xml version="1.0" encoding="UTF-8"?>
<testng-results skipped="0" failed="0" ignored="0" total="2" passed="2">
  <reporter-output>
  </reporter-output>
  <suite name="SearchTest" duration-ms="38" started-at="2022-01-16T21:34:08 MSK" finished-at="2022-01-16T21:34:08 MSK">
    <groups>
    </groups>
    <test name="Command line test" duration-ms="38" started-at="2022-01-16T21:34:08 MSK" finished-at="2022-01-16T21:34:08 MSK">
      <class name="SearchTest">
        <test-method status="PASS" signature="openGoogleComInChromeTest()[pri:0, instance:SearchTest@6321e813]" name="openGoogleComInChromeTest" duration-ms="4" started-at="2022-01-16T21:34:08 MSK" finished-at="2022-01-16T21:34:08 MSK">
          <reporter-output>
          </reporter-output>
        </test-method> <!-- openGoogleComInChromeTest -->
        <test-method status="PASS" signature="openGoogleComInChromeTest2()[pri:0, instance:SearchTest@6321e813]" name="openGoogleComInChromeTest2" duration-ms="0" started-at="2022-01-16T21:34:08 MSK" finished-at="2022-01-16T21:34:08 MSK">
          <reporter-output>
          </reporter-output>
        </test-method> <!-- openGoogleComInChromeTest2 -->
      </class> <!-- SearchTest -->
    </test> <!-- Command line test -->
  </suite> <!-- SearchTest -->
</testng-results>
